This file contains any messages produced by compilers while
running configure, to aid debugging if configure makes a mistake.

It was created by mpfi configure 1.5.4, which was
generated by GNU Autoconf 2.69.  Invocation command line was

  $ ./configure --with-mpfr=/mnt/c/msys64/home/lauri/Upsilon-External/apps/KhiCAS/src/mpfi-1.5.4/../ --with-gmp=/mnt/c/msys64/home/lauri/Upsilon-External/apps/KhiCAS/src/mpfi-1.5.4/../ --host=arm-none-eabi CFLAGS=-Os -fdata-sections -ffunction-sections -DNDEBUG -mthumb -march=armv7e-m -mfloat-abi=hard -mcpu=cortex-m7 -mfpu=fpv5-sp-d16 -fno-strict-aliasing --specs=nosys.specs

## --------- ##
## Platform. ##
## --------- ##

hostname = PC-Portable
uname -m = x86_64
uname -r = 5.10.60.1-microsoft-standard-WSL2
uname -s = Linux
uname -v = #1 SMP Wed Aug 25 23:20:18 UTC 2021

/usr/bin/uname -p = x86_64
/bin/uname -X     = unknown

/bin/arch              = x86_64
/usr/bin/arch -k       = unknown
/usr/convex/getsysinfo = unknown
/usr/bin/hostinfo      = unknown
/bin/machine           = unknown
/usr/bin/oslevel       = unknown
/bin/universe          = unknown

PATH: /home/laury/.local/bin
PATH: /usr/local/sbin
PATH: /usr/local/bin
PATH: /usr/sbin
PATH: /usr/bin
PATH: /sbin
PATH: /bin
PATH: /usr/games
PATH: /usr/local/games
PATH: /usr/lib/wsl/lib
PATH: /mnt/c/Program Files/Common Files/Oracle/Java/javapath
PATH: /mnt/c/Program Files (x86)/Common Files/Oracle/Java/javapath
PATH: /mnt/c/Windows/system32
PATH: /mnt/c/Windows
PATH: /mnt/c/Windows/System32/Wbem
PATH: /mnt/c/Windows/System32/WindowsPowerShell/v1.0/
PATH: /mnt/c/Windows/System32/OpenSSH/
PATH: /mnt/c/Program Files (x86)/NVIDIA Corporation/PhysX/Common
PATH: /mnt/c/Program Files/NVIDIA Corporation/NVIDIA NvDLISR
PATH: /mnt/c/Program Files/Git/cmd
PATH: /mnt/c/Program Files/SourceGear/Common/DiffMerge/
PATH: /mnt/c/Program Files/nodejs/
PATH: /mnt/c/WINDOWS/system32
PATH: /mnt/c/WINDOWS
PATH: /mnt/c/WINDOWS/System32/Wbem
PATH: /mnt/c/WINDOWS/System32/WindowsPowerShell/v1.0/
PATH: /mnt/c/WINDOWS/System32/OpenSSH/
PATH: /mnt/c/ProgramData/chocolatey/bin
PATH: /mnt/c/Program Files/PuTTY/
PATH: /mnt/c/Program Files/dotnet/
PATH: /mnt/c/Program Files/Gource/cmd
PATH: /mnt/c/Program Files/Docker/Docker/resources/bin
PATH: /mnt/c/ProgramData/DockerDesktop/version-bin
PATH: /mnt/c/Program Files/GitHub CLI/
PATH: /mnt/c/Users/lauri/scoop/shims
PATH: /mnt/c/Users/lauri/.cargo/bin
PATH: /mnt/c/Users/lauri/AppData/Local/Microsoft/WindowsApps
PATH: /mnt/c/Users/lauri/AppData/Local/Programs/Microsoft VS Code/bin
PATH: /mnt/c/Program Files/Java/jdk-14.0.1/bin
PATH: /mnt/c/Program Files/apache-maven-3.6.3/bin
PATH: /mnt/c/Users/lauri/AppData/Local/GitHubDesktop/bin
PATH: /mnt/c/Users/lauri/AppData/Roaming/npm
PATH: /mnt/c/tools/TinyTeX/bin/win32
PATH: /mnt/c/Users/lauri/AppData/Local/gitkraken/bin
PATH: /mnt/c/Users/lauri/AppData/Local/Microsoft/WindowsApps
PATH: /mnt/c/Users/lauri/OneDrive/Documents/Programmation/Flutter/flutter/bin
PATH: /mnt/c/Program Files/heroku/bin
PATH: /mnt/c/Users/lauri/gradle-bin/gradle-7.4/bin
PATH: /mnt/c/Program Files/GitHub_CLI
PATH: /snap/bin


## ----------- ##
## Core tests. ##
## ----------- ##

configure:2344: checking for arm-none-eabi-gcc
configure:2360: found /usr/bin/arm-none-eabi-gcc
configure:2371: result: arm-none-eabi-gcc
configure:2640: checking for C compiler version
configure:2649: arm-none-eabi-gcc --version >&5
arm-none-eabi-gcc (15:10.3-2021.07-4) 10.3.1 20210621 (release)
Copyright (C) 2020 Free Software Foundation, Inc.
This is free software; see the source for copying conditions.  There is NO
warranty; not even for MERCHANTABILITY or FITNESS FOR A PARTICULAR PURPOSE.

configure:2660: $? = 0
configure:2649: arm-none-eabi-gcc -v >&5
Using built-in specs.
COLLECT_GCC=arm-none-eabi-gcc
COLLECT_LTO_WRAPPER=/usr/lib/gcc/arm-none-eabi/10.3.1/lto-wrapper
Target: arm-none-eabi
Configured with: ../configure --build=x86_64-linux-gnu --prefix=/usr --includedir='/usr/lib/include' --mandir='/usr/lib/share/man' --infodir='/usr/lib/share/info' --sysconfdir=/etc --localstatedir=/var --disable-option-checking --disable-silent-rules --libdir='/usr/lib/lib/x86_64-linux-gnu' --libexecdir='/usr/lib/lib/x86_64-linux-gnu' --disable-maintainer-mode --disable-dependency-tracking --mandir=/usr/share/man --enable-languages=c,c++,lto --enable-multilib --disable-decimal-float --disable-libffi --disable-libgomp --disable-libmudflap --disable-libquadmath --disable-libssp --disable-libstdcxx-pch --disable-nls --disable-shared --disable-threads --enable-tls --build=x86_64-linux-gnu --target=arm-none-eabi --with-system-zlib --with-gnu-as --with-gnu-ld --with-pkgversion=15:10.3-2021.07-4 --without-included-gettext --prefix=/usr/lib --infodir=/usr/share/doc/gcc-arm-none-eabi/info --htmldir=/usr/share/doc/gcc-arm-none-eabi/html --pdfdir=/usr/share/doc/gcc-arm-none-eabi/pdf --bindir=/usr/bin --libexecdir=/usr/lib --libdir=/usr/lib --disable-libstdc++-v3 --host=x86_64-linux-gnu --with-headers=no --without-newlib --with-multilib-list=rmprofile,aprofile CFLAGS='-g -O2 -ffile-prefix-map=/build/gcc-arm-none-eabi-hYfgK4/gcc-arm-none-eabi-10.3-2021.07=. -flto=auto -ffat-lto-objects -fstack-protector-strong' CPPFLAGS='-Wdate-time -D_FORTIFY_SOURCE=2' CXXFLAGS='-g -O2 -ffile-prefix-map=/build/gcc-arm-none-eabi-hYfgK4/gcc-arm-none-eabi-10.3-2021.07=. -flto=auto -ffat-lto-objects -fstack-protector-strong' DFLAGS=-frelease FCFLAGS='-g -O2 -ffile-prefix-map=/build/gcc-arm-none-eabi-hYfgK4/gcc-arm-none-eabi-10.3-2021.07=. -flto=auto -ffat-lto-objects -fstack-protector-strong' FFLAGS='-g -O2 -ffile-prefix-map=/build/gcc-arm-none-eabi-hYfgK4/gcc-arm-none-eabi-10.3-2021.07=. -flto=auto -ffat-lto-objects -fstack-protector-strong' GCJFLAGS='-g -O2 -ffile-prefix-map=/build/gcc-arm-none-eabi-hYfgK4/gcc-arm-none-eabi-10.3-2021.07=. -fstack-protector-strong' LDFLAGS='-Wl,-Bsymbolic-functions -flto=auto -Wl,-z,relro' OBJCFLAGS='-g -O2 -ffile-prefix-map=/build/gcc-arm-none-eabi-hYfgK4/gcc-arm-none-eabi-10.3-2021.07=. -flto=auto -ffat-lto-objects -fstack-protector-strong' OBJCXXFLAGS='-g -O2 -ffile-prefix-map=/build/gcc-arm-none-eabi-hYfgK4/gcc-arm-none-eabi-10.3-2021.07=. -flto=auto -ffat-lto-objects -fstack-protector-strong' INHIBIT_LIBC_CFLAGS=-DUSE_TM_CLONE_REGISTRY=0 AR_FOR_TARGET=arm-none-eabi-ar AS_FOR_TARGET=arm-none-eabi-as LD_FOR_TARGET=arm-none-eabi-ld NM_FOR_TARGET=arm-none-eabi-nm OBJDUMP_FOR_TARGET=arm-none-eabi-objdump RANLIB_FOR_TARGET=arm-none-eabi-ranlib READELF_FOR_TARGET=arm-none-eabi-readelf STRIP_FOR_TARGET=arm-none-eabi-strip SED=/bin/sed SHELL=/bin/sh BASH=/bin/bash CONFIG_SHELL=/bin/bash
Thread model: single
Supported LTO compression algorithms: zlib
gcc version 10.3.1 20210621 (release) (15:10.3-2021.07-4) 
configure:2660: $? = 0
configure:2649: arm-none-eabi-gcc -V >&5
arm-none-eabi-gcc: error: unrecognized command-line option '-V'
arm-none-eabi-gcc: fatal error: no input files
compilation terminated.
configure:2660: $? = 1
configure:2649: arm-none-eabi-gcc -qversion >&5
arm-none-eabi-gcc: error: unrecognized command-line option '-qversion'; did you mean '--version'?
arm-none-eabi-gcc: fatal error: no input files
compilation terminated.
configure:2660: $? = 1
configure:2680: checking whether the C compiler works
configure:2702: arm-none-eabi-gcc -Os -fdata-sections -ffunction-sections -DNDEBUG -mthumb -march=armv7e-m -mfloat-abi=hard -mcpu=cortex-m7 -mfpu=fpv5-sp-d16 -fno-strict-aliasing --specs=nosys.specs   conftest.c  >&5
configure:2706: $? = 0
configure:2754: result: yes
configure:2757: checking for C compiler default output file name
configure:2759: result: a.out
configure:2765: checking for suffix of executables
configure:2772: arm-none-eabi-gcc -o conftest -Os -fdata-sections -ffunction-sections -DNDEBUG -mthumb -march=armv7e-m -mfloat-abi=hard -mcpu=cortex-m7 -mfpu=fpv5-sp-d16 -fno-strict-aliasing --specs=nosys.specs   conftest.c  >&5
configure:2776: $? = 0
configure:2798: result: 
configure:2820: checking whether we are cross compiling
configure:2828: arm-none-eabi-gcc -o conftest -Os -fdata-sections -ffunction-sections -DNDEBUG -mthumb -march=armv7e-m -mfloat-abi=hard -mcpu=cortex-m7 -mfpu=fpv5-sp-d16 -fno-strict-aliasing --specs=nosys.specs   conftest.c  >&5
configure:2832: $? = 0
configure:2839: ./conftest
qemu: uncaught target signal 11 (Segmentation fault) - core dumped
./configure: line 2841:  9083 Segmentation fault      ./conftest$ac_cv_exeext
configure:2843: $? = 139
configure:2858: result: yes
configure:2863: checking for suffix of object files
configure:2885: arm-none-eabi-gcc -c -Os -fdata-sections -ffunction-sections -DNDEBUG -mthumb -march=armv7e-m -mfloat-abi=hard -mcpu=cortex-m7 -mfpu=fpv5-sp-d16 -fno-strict-aliasing --specs=nosys.specs  conftest.c >&5
configure:2889: $? = 0
configure:2910: result: o
configure:2914: checking whether we are using the GNU C compiler
configure:2933: arm-none-eabi-gcc -c -Os -fdata-sections -ffunction-sections -DNDEBUG -mthumb -march=armv7e-m -mfloat-abi=hard -mcpu=cortex-m7 -mfpu=fpv5-sp-d16 -fno-strict-aliasing --specs=nosys.specs  conftest.c >&5
configure:2933: $? = 0
configure:2942: result: yes
configure:2951: checking whether arm-none-eabi-gcc accepts -g
configure:2971: arm-none-eabi-gcc -c -g  conftest.c >&5
configure:2971: $? = 0
configure:3012: result: yes
configure:3029: checking for arm-none-eabi-gcc option to accept ISO C89
configure:3092: arm-none-eabi-gcc  -c -Os -fdata-sections -ffunction-sections -DNDEBUG -mthumb -march=armv7e-m -mfloat-abi=hard -mcpu=cortex-m7 -mfpu=fpv5-sp-d16 -fno-strict-aliasing --specs=nosys.specs  conftest.c >&5
configure:3092: $? = 0
configure:3105: result: none needed
configure:3130: checking whether arm-none-eabi-gcc understands -c and -o together
configure:3152: arm-none-eabi-gcc -c conftest.c -o conftest2.o
configure:3155: $? = 0
configure:3152: arm-none-eabi-gcc -c conftest.c -o conftest2.o
configure:3155: $? = 0
configure:3167: result: yes
configure:3190: checking how to run the C preprocessor
configure:3221: arm-none-eabi-gcc -E  conftest.c
configure:3221: $? = 0
configure:3235: arm-none-eabi-gcc -E  conftest.c
conftest.c:9:10: fatal error: ac_nonexistent.h: No such file or directory
    9 | #include <ac_nonexistent.h>
      |          ^~~~~~~~~~~~~~~~~~
compilation terminated.
configure:3235: $? = 1
configure: failed program was:
| /* confdefs.h */
| #define PACKAGE_NAME "mpfi"
| #define PACKAGE_TARNAME "mpfi"
| #define PACKAGE_VERSION "1.5.4"
| #define PACKAGE_STRING "mpfi 1.5.4"
| #define PACKAGE_BUGREPORT "mpfi-users@lists.gforge.inria.fr"
| #define PACKAGE_URL "https://gforge.inria.fr/projects/mpfi/"
| /* end confdefs.h.  */
| #include <ac_nonexistent.h>
configure:3260: result: arm-none-eabi-gcc -E
configure:3280: arm-none-eabi-gcc -E  conftest.c
configure:3280: $? = 0
configure:3294: arm-none-eabi-gcc -E  conftest.c
conftest.c:9:10: fatal error: ac_nonexistent.h: No such file or directory
    9 | #include <ac_nonexistent.h>
      |          ^~~~~~~~~~~~~~~~~~
compilation terminated.
configure:3294: $? = 1
configure: failed program was:
| /* confdefs.h */
| #define PACKAGE_NAME "mpfi"
| #define PACKAGE_TARNAME "mpfi"
| #define PACKAGE_VERSION "1.5.4"
| #define PACKAGE_STRING "mpfi 1.5.4"
| #define PACKAGE_BUGREPORT "mpfi-users@lists.gforge.inria.fr"
| #define PACKAGE_URL "https://gforge.inria.fr/projects/mpfi/"
| /* end confdefs.h.  */
| #include <ac_nonexistent.h>
configure:3323: checking for grep that handles long lines and -e
configure:3381: result: /usr/bin/grep
configure:3386: checking for egrep
configure:3448: result: /usr/bin/grep -E
configure:3453: checking for ANSI C header files
configure:3473: arm-none-eabi-gcc -c -Os -fdata-sections -ffunction-sections -DNDEBUG -mthumb -march=armv7e-m -mfloat-abi=hard -mcpu=cortex-m7 -mfpu=fpv5-sp-d16 -fno-strict-aliasing --specs=nosys.specs  conftest.c >&5
configure:3473: $? = 0
configure:3557: result: yes
configure:3570: checking for sys/types.h
configure:3570: arm-none-eabi-gcc -c -Os -fdata-sections -ffunction-sections -DNDEBUG -mthumb -march=armv7e-m -mfloat-abi=hard -mcpu=cortex-m7 -mfpu=fpv5-sp-d16 -fno-strict-aliasing --specs=nosys.specs  conftest.c >&5
configure:3570: $? = 0
configure:3570: result: yes
configure:3570: checking for sys/stat.h
configure:3570: arm-none-eabi-gcc -c -Os -fdata-sections -ffunction-sections -DNDEBUG -mthumb -march=armv7e-m -mfloat-abi=hard -mcpu=cortex-m7 -mfpu=fpv5-sp-d16 -fno-strict-aliasing --specs=nosys.specs  conftest.c >&5
configure:3570: $? = 0
configure:3570: result: yes
configure:3570: checking for stdlib.h
configure:3570: arm-none-eabi-gcc -c -Os -fdata-sections -ffunction-sections -DNDEBUG -mthumb -march=armv7e-m -mfloat-abi=hard -mcpu=cortex-m7 -mfpu=fpv5-sp-d16 -fno-strict-aliasing --specs=nosys.specs  conftest.c >&5
configure:3570: $? = 0
configure:3570: result: yes
configure:3570: checking for string.h
configure:3570: arm-none-eabi-gcc -c -Os -fdata-sections -ffunction-sections -DNDEBUG -mthumb -march=armv7e-m -mfloat-abi=hard -mcpu=cortex-m7 -mfpu=fpv5-sp-d16 -fno-strict-aliasing --specs=nosys.specs  conftest.c >&5
configure:3570: $? = 0
configure:3570: result: yes
configure:3570: checking for memory.h
configure:3570: arm-none-eabi-gcc -c -Os -fdata-sections -ffunction-sections -DNDEBUG -mthumb -march=armv7e-m -mfloat-abi=hard -mcpu=cortex-m7 -mfpu=fpv5-sp-d16 -fno-strict-aliasing --specs=nosys.specs  conftest.c >&5
configure:3570: $? = 0
configure:3570: result: yes
configure:3570: checking for strings.h
configure:3570: arm-none-eabi-gcc -c -Os -fdata-sections -ffunction-sections -DNDEBUG -mthumb -march=armv7e-m -mfloat-abi=hard -mcpu=cortex-m7 -mfpu=fpv5-sp-d16 -fno-strict-aliasing --specs=nosys.specs  conftest.c >&5
configure:3570: $? = 0
configure:3570: result: yes
configure:3570: checking for inttypes.h
configure:3570: arm-none-eabi-gcc -c -Os -fdata-sections -ffunction-sections -DNDEBUG -mthumb -march=armv7e-m -mfloat-abi=hard -mcpu=cortex-m7 -mfpu=fpv5-sp-d16 -fno-strict-aliasing --specs=nosys.specs  conftest.c >&5
configure:3570: $? = 0
configure:3570: result: yes
configure:3570: checking for stdint.h
configure:3570: arm-none-eabi-gcc -c -Os -fdata-sections -ffunction-sections -DNDEBUG -mthumb -march=armv7e-m -mfloat-abi=hard -mcpu=cortex-m7 -mfpu=fpv5-sp-d16 -fno-strict-aliasing --specs=nosys.specs  conftest.c >&5
configure:3570: $? = 0
configure:3570: result: yes
configure:3570: checking for unistd.h
configure:3570: arm-none-eabi-gcc -c -Os -fdata-sections -ffunction-sections -DNDEBUG -mthumb -march=armv7e-m -mfloat-abi=hard -mcpu=cortex-m7 -mfpu=fpv5-sp-d16 -fno-strict-aliasing --specs=nosys.specs  conftest.c >&5
configure:3570: $? = 0
configure:3570: result: yes
configure:3583: checking minix/config.h usability
configure:3583: arm-none-eabi-gcc -c -Os -fdata-sections -ffunction-sections -DNDEBUG -mthumb -march=armv7e-m -mfloat-abi=hard -mcpu=cortex-m7 -mfpu=fpv5-sp-d16 -fno-strict-aliasing --specs=nosys.specs  conftest.c >&5
conftest.c:52:10: fatal error: minix/config.h: No such file or directory
   52 | #include <minix/config.h>
      |          ^~~~~~~~~~~~~~~~
compilation terminated.
configure:3583: $? = 1
configure: failed program was:
| /* confdefs.h */
| #define PACKAGE_NAME "mpfi"
| #define PACKAGE_TARNAME "mpfi"
| #define PACKAGE_VERSION "1.5.4"
| #define PACKAGE_STRING "mpfi 1.5.4"
| #define PACKAGE_BUGREPORT "mpfi-users@lists.gforge.inria.fr"
| #define PACKAGE_URL "https://gforge.inria.fr/projects/mpfi/"
| #define STDC_HEADERS 1
| #define HAVE_SYS_TYPES_H 1
| #define HAVE_SYS_STAT_H 1
| #define HAVE_STDLIB_H 1
| #define HAVE_STRING_H 1
| #define HAVE_MEMORY_H 1
| #define HAVE_STRINGS_H 1
| #define HAVE_INTTYPES_H 1
| #define HAVE_STDINT_H 1
| #define HAVE_UNISTD_H 1
| /* end confdefs.h.  */
| #include <stdio.h>
| #ifdef HAVE_SYS_TYPES_H
| # include <sys/types.h>
| #endif
| #ifdef HAVE_SYS_STAT_H
| # include <sys/stat.h>
| #endif
| #ifdef STDC_HEADERS
| # include <stdlib.h>
| # include <stddef.h>
| #else
| # ifdef HAVE_STDLIB_H
| #  include <stdlib.h>
| # endif
| #endif
| #ifdef HAVE_STRING_H
| # if !defined STDC_HEADERS && defined HAVE_MEMORY_H
| #  include <memory.h>
| # endif
| # include <string.h>
| #endif
| #ifdef HAVE_STRINGS_H
| # include <strings.h>
| #endif
| #ifdef HAVE_INTTYPES_H
| # include <inttypes.h>
| #endif
| #ifdef HAVE_STDINT_H
| # include <stdint.h>
| #endif
| #ifdef HAVE_UNISTD_H
| # include <unistd.h>
| #endif
| #include <minix/config.h>
configure:3583: result: no
configure:3583: checking minix/config.h presence
configure:3583: arm-none-eabi-gcc -E  conftest.c
conftest.c:19:10: fatal error: minix/config.h: No such file or directory
   19 | #include <minix/config.h>
      |          ^~~~~~~~~~~~~~~~
compilation terminated.
configure:3583: $? = 1
configure: failed program was:
| /* confdefs.h */
| #define PACKAGE_NAME "mpfi"
| #define PACKAGE_TARNAME "mpfi"
| #define PACKAGE_VERSION "1.5.4"
| #define PACKAGE_STRING "mpfi 1.5.4"
| #define PACKAGE_BUGREPORT "mpfi-users@lists.gforge.inria.fr"
| #define PACKAGE_URL "https://gforge.inria.fr/projects/mpfi/"
| #define STDC_HEADERS 1
| #define HAVE_SYS_TYPES_H 1
| #define HAVE_SYS_STAT_H 1
| #define HAVE_STDLIB_H 1
| #define HAVE_STRING_H 1
| #define HAVE_MEMORY_H 1
| #define HAVE_STRINGS_H 1
| #define HAVE_INTTYPES_H 1
| #define HAVE_STDINT_H 1
| #define HAVE_UNISTD_H 1
| /* end confdefs.h.  */
| #include <minix/config.h>
configure:3583: result: no
configure:3583: checking for minix/config.h
configure:3583: result: no
configure:3604: checking whether it is safe to define __EXTENSIONS__
configure:3622: arm-none-eabi-gcc -c -Os -fdata-sections -ffunction-sections -DNDEBUG -mthumb -march=armv7e-m -mfloat-abi=hard -mcpu=cortex-m7 -mfpu=fpv5-sp-d16 -fno-strict-aliasing --specs=nosys.specs  conftest.c >&5
configure:3622: $? = 0
configure:3629: result: yes
configure:3659: checking for a BSD-compatible install
configure:3727: result: /usr/bin/install -c
configure:3738: checking whether build environment is sane
configure:3793: result: yes
configure:3849: checking for arm-none-eabi-strip
configure:3865: found /usr/bin/arm-none-eabi-strip
configure:3876: result: arm-none-eabi-strip
configure:3941: checking for a thread-safe mkdir -p
configure:3980: result: /usr/bin/mkdir -p
configure:3987: checking for gawk
configure:4003: found /usr/bin/gawk
configure:4014: result: gawk
configure:4025: checking whether make sets $(MAKE)
configure:4047: result: yes
configure:4069: checking whether make supports the include directive
configure:4084: make -f confmf.GNU && cat confinc.out
make[1]: Entering directory '/mnt/c/msys64/home/lauri/Upsilon-External/apps/KhiCAS/src/mpfi-1.5.4'
make[1]: Leaving directory '/mnt/c/msys64/home/lauri/Upsilon-External/apps/KhiCAS/src/mpfi-1.5.4'
this is the am__doit target
configure:4087: $? = 0
configure:4106: result: yes (GNU style)
configure:4139: checking whether make supports nested variables
configure:4156: result: yes
configure:4241: checking dependency style of arm-none-eabi-gcc
configure:4352: result: gcc3
configure:4421: checking whether make supports nested variables
configure:4438: result: yes
configure:4450: checking whether to enable maintainer-specific portions of Makefiles
configure:4459: result: no
configure:4539: checking for arm-none-eabi-gcc
configure:4566: result: arm-none-eabi-gcc
configure:4835: checking for C compiler version
configure:4844: arm-none-eabi-gcc --version >&5
arm-none-eabi-gcc (15:10.3-2021.07-4) 10.3.1 20210621 (release)
Copyright (C) 2020 Free Software Foundation, Inc.
This is free software; see the source for copying conditions.  There is NO
warranty; not even for MERCHANTABILITY or FITNESS FOR A PARTICULAR PURPOSE.

configure:4855: $? = 0
configure:4844: arm-none-eabi-gcc -v >&5
Using built-in specs.
COLLECT_GCC=arm-none-eabi-gcc
COLLECT_LTO_WRAPPER=/usr/lib/gcc/arm-none-eabi/10.3.1/lto-wrapper
Target: arm-none-eabi
Configured with: ../configure --build=x86_64-linux-gnu --prefix=/usr --includedir='/usr/lib/include' --mandir='/usr/lib/share/man' --infodir='/usr/lib/share/info' --sysconfdir=/etc --localstatedir=/var --disable-option-checking --disable-silent-rules --libdir='/usr/lib/lib/x86_64-linux-gnu' --libexecdir='/usr/lib/lib/x86_64-linux-gnu' --disable-maintainer-mode --disable-dependency-tracking --mandir=/usr/share/man --enable-languages=c,c++,lto --enable-multilib --disable-decimal-float --disable-libffi --disable-libgomp --disable-libmudflap --disable-libquadmath --disable-libssp --disable-libstdcxx-pch --disable-nls --disable-shared --disable-threads --enable-tls --build=x86_64-linux-gnu --target=arm-none-eabi --with-system-zlib --with-gnu-as --with-gnu-ld --with-pkgversion=15:10.3-2021.07-4 --without-included-gettext --prefix=/usr/lib --infodir=/usr/share/doc/gcc-arm-none-eabi/info --htmldir=/usr/share/doc/gcc-arm-none-eabi/html --pdfdir=/usr/share/doc/gcc-arm-none-eabi/pdf --bindir=/usr/bin --libexecdir=/usr/lib --libdir=/usr/lib --disable-libstdc++-v3 --host=x86_64-linux-gnu --with-headers=no --without-newlib --with-multilib-list=rmprofile,aprofile CFLAGS='-g -O2 -ffile-prefix-map=/build/gcc-arm-none-eabi-hYfgK4/gcc-arm-none-eabi-10.3-2021.07=. -flto=auto -ffat-lto-objects -fstack-protector-strong' CPPFLAGS='-Wdate-time -D_FORTIFY_SOURCE=2' CXXFLAGS='-g -O2 -ffile-prefix-map=/build/gcc-arm-none-eabi-hYfgK4/gcc-arm-none-eabi-10.3-2021.07=. -flto=auto -ffat-lto-objects -fstack-protector-strong' DFLAGS=-frelease FCFLAGS='-g -O2 -ffile-prefix-map=/build/gcc-arm-none-eabi-hYfgK4/gcc-arm-none-eabi-10.3-2021.07=. -flto=auto -ffat-lto-objects -fstack-protector-strong' FFLAGS='-g -O2 -ffile-prefix-map=/build/gcc-arm-none-eabi-hYfgK4/gcc-arm-none-eabi-10.3-2021.07=. -flto=auto -ffat-lto-objects -fstack-protector-strong' GCJFLAGS='-g -O2 -ffile-prefix-map=/build/gcc-arm-none-eabi-hYfgK4/gcc-arm-none-eabi-10.3-2021.07=. -fstack-protector-strong' LDFLAGS='-Wl,-Bsymbolic-functions -flto=auto -Wl,-z,relro' OBJCFLAGS='-g -O2 -ffile-prefix-map=/build/gcc-arm-none-eabi-hYfgK4/gcc-arm-none-eabi-10.3-2021.07=. -flto=auto -ffat-lto-objects -fstack-protector-strong' OBJCXXFLAGS='-g -O2 -ffile-prefix-map=/build/gcc-arm-none-eabi-hYfgK4/gcc-arm-none-eabi-10.3-2021.07=. -flto=auto -ffat-lto-objects -fstack-protector-strong' INHIBIT_LIBC_CFLAGS=-DUSE_TM_CLONE_REGISTRY=0 AR_FOR_TARGET=arm-none-eabi-ar AS_FOR_TARGET=arm-none-eabi-as LD_FOR_TARGET=arm-none-eabi-ld NM_FOR_TARGET=arm-none-eabi-nm OBJDUMP_FOR_TARGET=arm-none-eabi-objdump RANLIB_FOR_TARGET=arm-none-eabi-ranlib READELF_FOR_TARGET=arm-none-eabi-readelf STRIP_FOR_TARGET=arm-none-eabi-strip SED=/bin/sed SHELL=/bin/sh BASH=/bin/bash CONFIG_SHELL=/bin/bash
Thread model: single
Supported LTO compression algorithms: zlib
gcc version 10.3.1 20210621 (release) (15:10.3-2021.07-4) 
configure:4855: $? = 0
configure:4844: arm-none-eabi-gcc -V >&5
arm-none-eabi-gcc: error: unrecognized command-line option '-V'
arm-none-eabi-gcc: fatal error: no input files
compilation terminated.
configure:4855: $? = 1
configure:4844: arm-none-eabi-gcc -qversion >&5
arm-none-eabi-gcc: error: unrecognized command-line option '-qversion'; did you mean '--version'?
arm-none-eabi-gcc: fatal error: no input files
compilation terminated.
configure:4855: $? = 1
configure:4859: checking whether we are using the GNU C compiler
configure:4887: result: yes
configure:4896: checking whether arm-none-eabi-gcc accepts -g
configure:4957: result: yes
configure:4974: checking for arm-none-eabi-gcc option to accept ISO C89
configure:5050: result: none needed
configure:5075: checking whether arm-none-eabi-gcc understands -c and -o together
configure:5112: result: yes
configure:5134: checking how to run the C preprocessor
configure:5204: result: arm-none-eabi-gcc -E
configure:5224: arm-none-eabi-gcc -E -I/mnt/c/msys64/home/lauri/Upsilon-External/apps/KhiCAS/src/mpfi-1.5.4/..//include -I/mnt/c/msys64/home/lauri/Upsilon-External/apps/KhiCAS/src/mpfi-1.5.4/..//include  conftest.c
configure:5224: $? = 0
configure:5238: arm-none-eabi-gcc -E -I/mnt/c/msys64/home/lauri/Upsilon-External/apps/KhiCAS/src/mpfi-1.5.4/..//include -I/mnt/c/msys64/home/lauri/Upsilon-External/apps/KhiCAS/src/mpfi-1.5.4/..//include  conftest.c
conftest.c:26:10: fatal error: ac_nonexistent.h: No such file or directory
   26 | #include <ac_nonexistent.h>
      |          ^~~~~~~~~~~~~~~~~~
compilation terminated.
configure:5238: $? = 1
configure: failed program was:
| /* confdefs.h */
| #define PACKAGE_NAME "mpfi"
| #define PACKAGE_TARNAME "mpfi"
| #define PACKAGE_VERSION "1.5.4"
| #define PACKAGE_STRING "mpfi 1.5.4"
| #define PACKAGE_BUGREPORT "mpfi-users@lists.gforge.inria.fr"
| #define PACKAGE_URL "https://gforge.inria.fr/projects/mpfi/"
| #define STDC_HEADERS 1
| #define HAVE_SYS_TYPES_H 1
| #define HAVE_SYS_STAT_H 1
| #define HAVE_STDLIB_H 1
| #define HAVE_STRING_H 1
| #define HAVE_MEMORY_H 1
| #define HAVE_STRINGS_H 1
| #define HAVE_INTTYPES_H 1
| #define HAVE_STDINT_H 1
| #define HAVE_UNISTD_H 1
| #define __EXTENSIONS__ 1
| #define _ALL_SOURCE 1
| #define _GNU_SOURCE 1
| #define _POSIX_PTHREAD_SEMANTICS 1
| #define _TANDEM_SOURCE 1
| #define PACKAGE "mpfi"
| #define VERSION "1.5.4"
| /* end confdefs.h.  */
| #include <ac_nonexistent.h>
configure:5267: checking whether ln -s works
configure:5271: result: yes
configure:5278: checking whether make sets $(MAKE)
configure:5300: result: yes
configure:5314: checking for arm-none-eabi-ar
configure:5330: found /usr/bin/arm-none-eabi-ar
configure:5341: result: arm-none-eabi-ar
configure:5411: checking the archiver (arm-none-eabi-ar) interface
configure:5427: arm-none-eabi-gcc -c -Os -fdata-sections -ffunction-sections -DNDEBUG -mthumb -march=armv7e-m -mfloat-abi=hard -mcpu=cortex-m7 -mfpu=fpv5-sp-d16 -fno-strict-aliasing --specs=nosys.specs -I/mnt/c/msys64/home/lauri/Upsilon-External/apps/KhiCAS/src/mpfi-1.5.4/..//include -I/mnt/c/msys64/home/lauri/Upsilon-External/apps/KhiCAS/src/mpfi-1.5.4/..//include  conftest.c >&5
configure:5427: $? = 0
configure:5429: arm-none-eabi-ar cru libconftest.a conftest.o >&5
arm-none-eabi-ar: `u' modifier ignored since `D' is the default (see `U')
configure:5432: $? = 0
configure:5460: result: ar
configure:5509: checking build system type
configure:5523: result: x86_64-pc-linux-gnu
configure:5543: checking host system type
configure:5556: result: arm-none-eabi
configure:5597: checking how to print strings
configure:5624: result: printf
configure:5645: checking for a sed that does not truncate output
configure:5709: result: /usr/bin/sed
configure:5727: checking for fgrep
configure:5789: result: /usr/bin/grep -F
configure:5824: checking for ld used by arm-none-eabi-gcc
configure:5891: result: /usr/lib/arm-none-eabi/bin/ld
configure:5898: checking if the linker (/usr/lib/arm-none-eabi/bin/ld) is GNU ld
configure:5913: result: yes
configure:5925: checking for BSD- or MS-compatible name lister (nm)
configure:5979: result: /usr/bin/arm-none-eabi-nm -B
configure:6109: checking the name lister (/usr/bin/arm-none-eabi-nm -B) interface
configure:6116: arm-none-eabi-gcc -c -Os -fdata-sections -ffunction-sections -DNDEBUG -mthumb -march=armv7e-m -mfloat-abi=hard -mcpu=cortex-m7 -mfpu=fpv5-sp-d16 -fno-strict-aliasing --specs=nosys.specs -I/mnt/c/msys64/home/lauri/Upsilon-External/apps/KhiCAS/src/mpfi-1.5.4/..//include -I/mnt/c/msys64/home/lauri/Upsilon-External/apps/KhiCAS/src/mpfi-1.5.4/..//include  conftest.c >&5
configure:6119: /usr/bin/arm-none-eabi-nm -B "conftest.o"
configure:6122: output
00000000 B some_variable
configure:6129: result: BSD nm
configure:6133: checking the maximum length of command line arguments
configure:6264: result: 1572864
configure:6312: checking how to convert x86_64-pc-linux-gnu file names to arm-none-eabi format
configure:6352: result: func_convert_file_noop
configure:6359: checking how to convert x86_64-pc-linux-gnu file names to toolchain format
configure:6379: result: func_convert_file_noop
configure:6386: checking for /usr/lib/arm-none-eabi/bin/ld option to reload object files
configure:6393: result: -r
configure:6427: checking for arm-none-eabi-objdump
configure:6443: found /usr/bin/arm-none-eabi-objdump
configure:6454: result: arm-none-eabi-objdump
configure:6526: checking how to recognize dependent libraries
configure:6726: result: unknown
configure:6771: checking for arm-none-eabi-dlltool
configure:6801: result: no
configure:6811: checking for dlltool
configure:6841: result: no
configure:6871: checking how to associate runtime and link libraries
configure:6898: result: printf %s\n
configure:6914: checking for arm-none-eabi-ar
configure:6941: result: arm-none-eabi-ar
configure:7022: checking for archiver @FILE support
configure:7039: arm-none-eabi-gcc -c -Os -fdata-sections -ffunction-sections -DNDEBUG -mthumb -march=armv7e-m -mfloat-abi=hard -mcpu=cortex-m7 -mfpu=fpv5-sp-d16 -fno-strict-aliasing --specs=nosys.specs -I/mnt/c/msys64/home/lauri/Upsilon-External/apps/KhiCAS/src/mpfi-1.5.4/..//include -I/mnt/c/msys64/home/lauri/Upsilon-External/apps/KhiCAS/src/mpfi-1.5.4/..//include  conftest.c >&5
configure:7039: $? = 0
configure:7042: arm-none-eabi-ar cr libconftest.a @conftest.lst >&5
configure:7045: $? = 0
configure:7050: arm-none-eabi-ar cr libconftest.a @conftest.lst >&5
arm-none-eabi-ar: conftest.o: No such file or directory
configure:7053: $? = 1
configure:7065: result: @
configure:7083: checking for arm-none-eabi-strip
configure:7110: result: arm-none-eabi-strip
configure:7182: checking for arm-none-eabi-ranlib
configure:7198: found /usr/bin/arm-none-eabi-ranlib
configure:7209: result: arm-none-eabi-ranlib
configure:7351: checking command to parse /usr/bin/arm-none-eabi-nm -B output from arm-none-eabi-gcc object
configure:7504: arm-none-eabi-gcc -c -Os -fdata-sections -ffunction-sections -DNDEBUG -mthumb -march=armv7e-m -mfloat-abi=hard -mcpu=cortex-m7 -mfpu=fpv5-sp-d16 -fno-strict-aliasing --specs=nosys.specs -I/mnt/c/msys64/home/lauri/Upsilon-External/apps/KhiCAS/src/mpfi-1.5.4/..//include -I/mnt/c/msys64/home/lauri/Upsilon-External/apps/KhiCAS/src/mpfi-1.5.4/..//include  conftest.c >&5
configure:7507: $? = 0
configure:7511: /usr/bin/arm-none-eabi-nm -B conftest.o | sed -n -e 's/^.*[	 ]\([ABCDGIRSTW][ABCDGIRSTW]*\)[	 ][	 ]*\([_A-Za-z][_A-Za-z0-9]*\)$/\1 \2 \2/p' | sed '/ __gnu_lto/d' > conftest.nm
configure:7577: arm-none-eabi-gcc -o conftest -Os -fdata-sections -ffunction-sections -DNDEBUG -mthumb -march=armv7e-m -mfloat-abi=hard -mcpu=cortex-m7 -mfpu=fpv5-sp-d16 -fno-strict-aliasing --specs=nosys.specs -I/mnt/c/msys64/home/lauri/Upsilon-External/apps/KhiCAS/src/mpfi-1.5.4/..//include -I/mnt/c/msys64/home/lauri/Upsilon-External/apps/KhiCAS/src/mpfi-1.5.4/..//include  -L/mnt/c/msys64/home/lauri/Upsilon-External/apps/KhiCAS/src/mpfi-1.5.4/..//lib -L/mnt/c/msys64/home/lauri/Upsilon-External/apps/KhiCAS/src/mpfi-1.5.4/..//lib  conftest.c conftstm.o >&5
configure:7580: $? = 0
configure:7618: result: ok
configure:7665: checking for sysroot
configure:7695: result: no
configure:7702: checking for a working dd
configure:7740: result: /usr/bin/dd
configure:7744: checking how to truncate binary pipes
configure:7759: result: /usr/bin/dd bs=4096 count=1
configure:8048: checking for arm-none-eabi-mt
configure:8078: result: no
configure:8088: checking for mt
configure:8104: found /usr/bin/mt
configure:8115: result: mt
configure:8127: WARNING: using cross tools not prefixed with host triplet
configure:8138: checking if mt is a manifest tool
configure:8144: mt '-?'
configure:8152: result: no
configure:8826: checking for dlfcn.h
configure:8826: arm-none-eabi-gcc -c -Os -fdata-sections -ffunction-sections -DNDEBUG -mthumb -march=armv7e-m -mfloat-abi=hard -mcpu=cortex-m7 -mfpu=fpv5-sp-d16 -fno-strict-aliasing --specs=nosys.specs -I/mnt/c/msys64/home/lauri/Upsilon-External/apps/KhiCAS/src/mpfi-1.5.4/..//include -I/mnt/c/msys64/home/lauri/Upsilon-External/apps/KhiCAS/src/mpfi-1.5.4/..//include  conftest.c >&5
conftest.c:60:10: fatal error: dlfcn.h: No such file or directory
   60 | #include <dlfcn.h>
      |          ^~~~~~~~~
compilation terminated.
configure:8826: $? = 1
configure: failed program was:
| /* confdefs.h */
| #define PACKAGE_NAME "mpfi"
| #define PACKAGE_TARNAME "mpfi"
| #define PACKAGE_VERSION "1.5.4"
| #define PACKAGE_STRING "mpfi 1.5.4"
| #define PACKAGE_BUGREPORT "mpfi-users@lists.gforge.inria.fr"
| #define PACKAGE_URL "https://gforge.inria.fr/projects/mpfi/"
| #define STDC_HEADERS 1
| #define HAVE_SYS_TYPES_H 1
| #define HAVE_SYS_STAT_H 1
| #define HAVE_STDLIB_H 1
| #define HAVE_STRING_H 1
| #define HAVE_MEMORY_H 1
| #define HAVE_STRINGS_H 1
| #define HAVE_INTTYPES_H 1
| #define HAVE_STDINT_H 1
| #define HAVE_UNISTD_H 1
| #define __EXTENSIONS__ 1
| #define _ALL_SOURCE 1
| #define _GNU_SOURCE 1
| #define _POSIX_PTHREAD_SEMANTICS 1
| #define _TANDEM_SOURCE 1
| #define PACKAGE "mpfi"
| #define VERSION "1.5.4"
| /* end confdefs.h.  */
| #include <stdio.h>
| #ifdef HAVE_SYS_TYPES_H
| # include <sys/types.h>
| #endif
| #ifdef HAVE_SYS_STAT_H
| # include <sys/stat.h>
| #endif
| #ifdef STDC_HEADERS
| # include <stdlib.h>
| # include <stddef.h>
| #else
| # ifdef HAVE_STDLIB_H
| #  include <stdlib.h>
| # endif
| #endif
| #ifdef HAVE_STRING_H
| # if !defined STDC_HEADERS && defined HAVE_MEMORY_H
| #  include <memory.h>
| # endif
| # include <string.h>
| #endif
| #ifdef HAVE_STRINGS_H
| # include <strings.h>
| #endif
| #ifdef HAVE_INTTYPES_H
| # include <inttypes.h>
| #endif
| #ifdef HAVE_STDINT_H
| # include <stdint.h>
| #endif
| #ifdef HAVE_UNISTD_H
| # include <unistd.h>
| #endif
| 
| #include <dlfcn.h>
configure:8826: result: no
configure:9082: checking for objdir
configure:9097: result: .libs
configure:9357: checking if arm-none-eabi-gcc supports -fno-rtti -fno-exceptions
configure:9375: arm-none-eabi-gcc -c -Os -fdata-sections -ffunction-sections -DNDEBUG -mthumb -march=armv7e-m -mfloat-abi=hard -mcpu=cortex-m7 -mfpu=fpv5-sp-d16 -fno-strict-aliasing --specs=nosys.specs -I/mnt/c/msys64/home/lauri/Upsilon-External/apps/KhiCAS/src/mpfi-1.5.4/..//include -I/mnt/c/msys64/home/lauri/Upsilon-External/apps/KhiCAS/src/mpfi-1.5.4/..//include  -fno-rtti -fno-exceptions conftest.c >&5
cc1: warning: command-line option '-fno-rtti' is valid for C++/D/ObjC++ but not for C
configure:9379: $? = 0
configure:9392: result: no
configure:9756: checking for arm-none-eabi-gcc option to produce PIC
configure:9763: result: -fPIC -DPIC
configure:9771: checking if arm-none-eabi-gcc PIC flag -fPIC -DPIC works
configure:9789: arm-none-eabi-gcc -c -Os -fdata-sections -ffunction-sections -DNDEBUG -mthumb -march=armv7e-m -mfloat-abi=hard -mcpu=cortex-m7 -mfpu=fpv5-sp-d16 -fno-strict-aliasing --specs=nosys.specs -I/mnt/c/msys64/home/lauri/Upsilon-External/apps/KhiCAS/src/mpfi-1.5.4/..//include -I/mnt/c/msys64/home/lauri/Upsilon-External/apps/KhiCAS/src/mpfi-1.5.4/..//include  -fPIC -DPIC -DPIC conftest.c >&5
configure:9793: $? = 0
configure:9806: result: yes
configure:9835: checking if arm-none-eabi-gcc static flag -static works
configure:9863: result: yes
configure:9878: checking if arm-none-eabi-gcc supports -c -o file.o
configure:9899: arm-none-eabi-gcc -c -Os -fdata-sections -ffunction-sections -DNDEBUG -mthumb -march=armv7e-m -mfloat-abi=hard -mcpu=cortex-m7 -mfpu=fpv5-sp-d16 -fno-strict-aliasing --specs=nosys.specs -I/mnt/c/msys64/home/lauri/Upsilon-External/apps/KhiCAS/src/mpfi-1.5.4/..//include -I/mnt/c/msys64/home/lauri/Upsilon-External/apps/KhiCAS/src/mpfi-1.5.4/..//include  -o out/conftest2.o conftest.c >&5
configure:9903: $? = 0
configure:9925: result: yes
configure:9933: checking if arm-none-eabi-gcc supports -c -o file.o
configure:9980: result: yes
configure:10013: checking whether the arm-none-eabi-gcc linker (/usr/lib/arm-none-eabi/bin/ld) supports shared libraries
configure:11276: result: yes
configure:11313: checking whether -lc should be explicitly linked in
configure:11321: arm-none-eabi-gcc -c -Os -fdata-sections -ffunction-sections -DNDEBUG -mthumb -march=armv7e-m -mfloat-abi=hard -mcpu=cortex-m7 -mfpu=fpv5-sp-d16 -fno-strict-aliasing --specs=nosys.specs -I/mnt/c/msys64/home/lauri/Upsilon-External/apps/KhiCAS/src/mpfi-1.5.4/..//include -I/mnt/c/msys64/home/lauri/Upsilon-External/apps/KhiCAS/src/mpfi-1.5.4/..//include  conftest.c >&5
configure:11324: $? = 0
configure:11339: arm-none-eabi-gcc -shared  -fPIC -DPIC conftest.o  -v -Wl,-soname -Wl,conftest -o conftest 2\>\&1 \| /usr/bin/grep  -lc  \>/dev/null 2\>\&1
configure:11342: $? = 1
configure:11356: result: yes
configure:11516: checking dynamic linker characteristics
configure:12346: result: no
configure:12468: checking how to hardcode library paths into programs
configure:12493: result: immediate
configure:13041: checking whether stripping libraries is possible
configure:13046: result: yes
configure:13081: checking if libtool supports shared libraries
configure:13083: result: no
configure:13086: checking whether to build shared libraries
configure:13111: result: no
configure:13114: checking whether to build static libraries
configure:13118: result: yes
configure:13157: checking for gmp.h
configure:13165: arm-none-eabi-gcc -c -Os -fdata-sections -ffunction-sections -DNDEBUG -mthumb -march=armv7e-m -mfloat-abi=hard -mcpu=cortex-m7 -mfpu=fpv5-sp-d16 -fno-strict-aliasing --specs=nosys.specs -I/mnt/c/msys64/home/lauri/Upsilon-External/apps/KhiCAS/src/mpfi-1.5.4/..//include -I/mnt/c/msys64/home/lauri/Upsilon-External/apps/KhiCAS/src/mpfi-1.5.4/..//include  conftest.c >&5
configure:13165: $? = 0
configure:13166: result: yes
configure:13177: checking for __gmpz_init in -lgmp
configure:13202: arm-none-eabi-gcc -o conftest -Os -fdata-sections -ffunction-sections -DNDEBUG -mthumb -march=armv7e-m -mfloat-abi=hard -mcpu=cortex-m7 -mfpu=fpv5-sp-d16 -fno-strict-aliasing --specs=nosys.specs -I/mnt/c/msys64/home/lauri/Upsilon-External/apps/KhiCAS/src/mpfi-1.5.4/..//include -I/mnt/c/msys64/home/lauri/Upsilon-External/apps/KhiCAS/src/mpfi-1.5.4/..//include  -L/mnt/c/msys64/home/lauri/Upsilon-External/apps/KhiCAS/src/mpfi-1.5.4/..//lib -L/mnt/c/msys64/home/lauri/Upsilon-External/apps/KhiCAS/src/mpfi-1.5.4/..//lib  conftest.c -lgmp   >&5
configure:13202: $? = 0
configure:13211: result: yes
configure:13220: checking for valid GMP
configure:13238: arm-none-eabi-gcc -c -Os -fdata-sections -ffunction-sections -DNDEBUG -mthumb -march=armv7e-m -mfloat-abi=hard -mcpu=cortex-m7 -mfpu=fpv5-sp-d16 -fno-strict-aliasing --specs=nosys.specs -I/mnt/c/msys64/home/lauri/Upsilon-External/apps/KhiCAS/src/mpfi-1.5.4/..//include -I/mnt/c/msys64/home/lauri/Upsilon-External/apps/KhiCAS/src/mpfi-1.5.4/..//include  conftest.c >&5
configure:13238: $? = 0
configure:13239: result: yes
configure:13250: checking for mpfr.h
configure:13258: arm-none-eabi-gcc -c -Os -fdata-sections -ffunction-sections -DNDEBUG -mthumb -march=armv7e-m -mfloat-abi=hard -mcpu=cortex-m7 -mfpu=fpv5-sp-d16 -fno-strict-aliasing --specs=nosys.specs -I/mnt/c/msys64/home/lauri/Upsilon-External/apps/KhiCAS/src/mpfi-1.5.4/..//include -I/mnt/c/msys64/home/lauri/Upsilon-External/apps/KhiCAS/src/mpfi-1.5.4/..//include  conftest.c >&5
configure:13258: $? = 0
configure:13259: result: yes
configure:13270: checking for mpfr_init in -lmpfr
configure:13295: arm-none-eabi-gcc -o conftest -Os -fdata-sections -ffunction-sections -DNDEBUG -mthumb -march=armv7e-m -mfloat-abi=hard -mcpu=cortex-m7 -mfpu=fpv5-sp-d16 -fno-strict-aliasing --specs=nosys.specs -I/mnt/c/msys64/home/lauri/Upsilon-External/apps/KhiCAS/src/mpfi-1.5.4/..//include -I/mnt/c/msys64/home/lauri/Upsilon-External/apps/KhiCAS/src/mpfi-1.5.4/..//include  -L/mnt/c/msys64/home/lauri/Upsilon-External/apps/KhiCAS/src/mpfi-1.5.4/..//lib -L/mnt/c/msys64/home/lauri/Upsilon-External/apps/KhiCAS/src/mpfi-1.5.4/..//lib  conftest.c -lmpfr  -lgmp  >&5
configure:13295: $? = 0
configure:13304: result: yes
configure:13313: checking for valid MPFR
configure:13331: arm-none-eabi-gcc -c -Os -fdata-sections -ffunction-sections -DNDEBUG -mthumb -march=armv7e-m -mfloat-abi=hard -mcpu=cortex-m7 -mfpu=fpv5-sp-d16 -fno-strict-aliasing --specs=nosys.specs -I/mnt/c/msys64/home/lauri/Upsilon-External/apps/KhiCAS/src/mpfi-1.5.4/..//include -I/mnt/c/msys64/home/lauri/Upsilon-External/apps/KhiCAS/src/mpfi-1.5.4/..//include  conftest.c >&5
configure:13331: $? = 0
configure:13332: result: yes
configure:13347: checking float.h usability
configure:13347: arm-none-eabi-gcc -c -Os -fdata-sections -ffunction-sections -DNDEBUG -mthumb -march=armv7e-m -mfloat-abi=hard -mcpu=cortex-m7 -mfpu=fpv5-sp-d16 -fno-strict-aliasing --specs=nosys.specs -I/mnt/c/msys64/home/lauri/Upsilon-External/apps/KhiCAS/src/mpfi-1.5.4/..//include -I/mnt/c/msys64/home/lauri/Upsilon-External/apps/KhiCAS/src/mpfi-1.5.4/..//include  conftest.c >&5
configure:13347: $? = 0
configure:13347: result: yes
configure:13347: checking float.h presence
configure:13347: arm-none-eabi-gcc -E -I/mnt/c/msys64/home/lauri/Upsilon-External/apps/KhiCAS/src/mpfi-1.5.4/..//include -I/mnt/c/msys64/home/lauri/Upsilon-External/apps/KhiCAS/src/mpfi-1.5.4/..//include  conftest.c
configure:13347: $? = 0
configure:13347: result: yes
configure:13347: checking for float.h
configure:13347: result: yes
configure:13347: checking limits.h usability
configure:13347: arm-none-eabi-gcc -c -Os -fdata-sections -ffunction-sections -DNDEBUG -mthumb -march=armv7e-m -mfloat-abi=hard -mcpu=cortex-m7 -mfpu=fpv5-sp-d16 -fno-strict-aliasing --specs=nosys.specs -I/mnt/c/msys64/home/lauri/Upsilon-External/apps/KhiCAS/src/mpfi-1.5.4/..//include -I/mnt/c/msys64/home/lauri/Upsilon-External/apps/KhiCAS/src/mpfi-1.5.4/..//include  conftest.c >&5
configure:13347: $? = 0
configure:13347: result: yes
configure:13347: checking limits.h presence
configure:13347: arm-none-eabi-gcc -E -I/mnt/c/msys64/home/lauri/Upsilon-External/apps/KhiCAS/src/mpfi-1.5.4/..//include -I/mnt/c/msys64/home/lauri/Upsilon-External/apps/KhiCAS/src/mpfi-1.5.4/..//include  conftest.c
configure:13347: $? = 0
configure:13347: result: yes
configure:13347: checking for limits.h
configure:13347: result: yes
configure:13347: checking for stdlib.h
configure:13347: result: yes
configure:13347: checking for string.h
configure:13347: result: yes
configure:13347: checking sys/time.h usability
configure:13347: arm-none-eabi-gcc -c -Os -fdata-sections -ffunction-sections -DNDEBUG -mthumb -march=armv7e-m -mfloat-abi=hard -mcpu=cortex-m7 -mfpu=fpv5-sp-d16 -fno-strict-aliasing --specs=nosys.specs -I/mnt/c/msys64/home/lauri/Upsilon-External/apps/KhiCAS/src/mpfi-1.5.4/..//include -I/mnt/c/msys64/home/lauri/Upsilon-External/apps/KhiCAS/src/mpfi-1.5.4/..//include  conftest.c >&5
configure:13347: $? = 0
configure:13347: result: yes
configure:13347: checking sys/time.h presence
configure:13347: arm-none-eabi-gcc -E -I/mnt/c/msys64/home/lauri/Upsilon-External/apps/KhiCAS/src/mpfi-1.5.4/..//include -I/mnt/c/msys64/home/lauri/Upsilon-External/apps/KhiCAS/src/mpfi-1.5.4/..//include  conftest.c
configure:13347: $? = 0
configure:13347: result: yes
configure:13347: checking for sys/time.h
configure:13347: result: yes
configure:13347: checking for unistd.h
configure:13347: result: yes
configure:13357: checking stdarg.h usability
configure:13357: arm-none-eabi-gcc -c -Os -fdata-sections -ffunction-sections -DNDEBUG -mthumb -march=armv7e-m -mfloat-abi=hard -mcpu=cortex-m7 -mfpu=fpv5-sp-d16 -fno-strict-aliasing --specs=nosys.specs -I/mnt/c/msys64/home/lauri/Upsilon-External/apps/KhiCAS/src/mpfi-1.5.4/..//include -I/mnt/c/msys64/home/lauri/Upsilon-External/apps/KhiCAS/src/mpfi-1.5.4/..//include  conftest.c >&5
configure:13357: $? = 0
configure:13357: result: yes
configure:13357: checking stdarg.h presence
configure:13357: arm-none-eabi-gcc -E -I/mnt/c/msys64/home/lauri/Upsilon-External/apps/KhiCAS/src/mpfi-1.5.4/..//include -I/mnt/c/msys64/home/lauri/Upsilon-External/apps/KhiCAS/src/mpfi-1.5.4/..//include  conftest.c
configure:13357: $? = 0
configure:13357: result: yes
configure:13357: checking for stdarg.h
configure:13357: result: yes
configure:13376: checking for size_t
configure:13376: arm-none-eabi-gcc -c -Os -fdata-sections -ffunction-sections -DNDEBUG -mthumb -march=armv7e-m -mfloat-abi=hard -mcpu=cortex-m7 -mfpu=fpv5-sp-d16 -fno-strict-aliasing --specs=nosys.specs -I/mnt/c/msys64/home/lauri/Upsilon-External/apps/KhiCAS/src/mpfi-1.5.4/..//include -I/mnt/c/msys64/home/lauri/Upsilon-External/apps/KhiCAS/src/mpfi-1.5.4/..//include  conftest.c >&5
configure:13376: $? = 0
configure:13376: arm-none-eabi-gcc -c -Os -fdata-sections -ffunction-sections -DNDEBUG -mthumb -march=armv7e-m -mfloat-abi=hard -mcpu=cortex-m7 -mfpu=fpv5-sp-d16 -fno-strict-aliasing --specs=nosys.specs -I/mnt/c/msys64/home/lauri/Upsilon-External/apps/KhiCAS/src/mpfi-1.5.4/..//include -I/mnt/c/msys64/home/lauri/Upsilon-External/apps/KhiCAS/src/mpfi-1.5.4/..//include  conftest.c >&5
conftest.c: In function 'main':
conftest.c:70:21: error: expected expression before ')' token
   70 | if (sizeof ((size_t)))
      |                     ^
configure:13376: $? = 1
configure: failed program was:
| /* confdefs.h */
| #define PACKAGE_NAME "mpfi"
| #define PACKAGE_TARNAME "mpfi"
| #define PACKAGE_VERSION "1.5.4"
| #define PACKAGE_STRING "mpfi 1.5.4"
| #define PACKAGE_BUGREPORT "mpfi-users@lists.gforge.inria.fr"
| #define PACKAGE_URL "https://gforge.inria.fr/projects/mpfi/"
| #define STDC_HEADERS 1
| #define HAVE_SYS_TYPES_H 1
| #define HAVE_SYS_STAT_H 1
| #define HAVE_STDLIB_H 1
| #define HAVE_STRING_H 1
| #define HAVE_MEMORY_H 1
| #define HAVE_STRINGS_H 1
| #define HAVE_INTTYPES_H 1
| #define HAVE_STDINT_H 1
| #define HAVE_UNISTD_H 1
| #define __EXTENSIONS__ 1
| #define _ALL_SOURCE 1
| #define _GNU_SOURCE 1
| #define _POSIX_PTHREAD_SEMANTICS 1
| #define _TANDEM_SOURCE 1
| #define PACKAGE "mpfi"
| #define VERSION "1.5.4"
| #define LT_OBJDIR ".libs/"
| #define HAVE_FLOAT_H 1
| #define HAVE_LIMITS_H 1
| #define HAVE_STDLIB_H 1
| #define HAVE_STRING_H 1
| #define HAVE_SYS_TIME_H 1
| #define HAVE_UNISTD_H 1
| #define HAVE_STDARG 1
| /* end confdefs.h.  */
| #include <stdio.h>
| #ifdef HAVE_SYS_TYPES_H
| # include <sys/types.h>
| #endif
| #ifdef HAVE_SYS_STAT_H
| # include <sys/stat.h>
| #endif
| #ifdef STDC_HEADERS
| # include <stdlib.h>
| # include <stddef.h>
| #else
| # ifdef HAVE_STDLIB_H
| #  include <stdlib.h>
| # endif
| #endif
| #ifdef HAVE_STRING_H
| # if !defined STDC_HEADERS && defined HAVE_MEMORY_H
| #  include <memory.h>
| # endif
| # include <string.h>
| #endif
| #ifdef HAVE_STRINGS_H
| # include <strings.h>
| #endif
| #ifdef HAVE_INTTYPES_H
| # include <inttypes.h>
| #endif
| #ifdef HAVE_STDINT_H
| # include <stdint.h>
| #endif
| #ifdef HAVE_UNISTD_H
| # include <unistd.h>
| #endif
| int
| main ()
| {
| if (sizeof ((size_t)))
| 	    return 0;
|   ;
|   return 0;
| }
configure:13376: result: yes
configure:13392: checking for dup2
configure:13392: arm-none-eabi-gcc -o conftest -Os -fdata-sections -ffunction-sections -DNDEBUG -mthumb -march=armv7e-m -mfloat-abi=hard -mcpu=cortex-m7 -mfpu=fpv5-sp-d16 -fno-strict-aliasing --specs=nosys.specs -I/mnt/c/msys64/home/lauri/Upsilon-External/apps/KhiCAS/src/mpfi-1.5.4/..//include -I/mnt/c/msys64/home/lauri/Upsilon-External/apps/KhiCAS/src/mpfi-1.5.4/..//include  -L/mnt/c/msys64/home/lauri/Upsilon-External/apps/KhiCAS/src/mpfi-1.5.4/..//lib -L/mnt/c/msys64/home/lauri/Upsilon-External/apps/KhiCAS/src/mpfi-1.5.4/..//lib  conftest.c -lmpfr -lgmp  >&5
/usr/lib/gcc/arm-none-eabi/10.3.1/../../../arm-none-eabi/bin/ld: /tmp/ccrAsxDT.o: in function `main':
conftest.c:(.text.startup.main+0x2): undefined reference to `dup2'
collect2: error: ld returned 1 exit status
configure:13392: $? = 1
configure: failed program was:
| /* confdefs.h */
| #define PACKAGE_NAME "mpfi"
| #define PACKAGE_TARNAME "mpfi"
| #define PACKAGE_VERSION "1.5.4"
| #define PACKAGE_STRING "mpfi 1.5.4"
| #define PACKAGE_BUGREPORT "mpfi-users@lists.gforge.inria.fr"
| #define PACKAGE_URL "https://gforge.inria.fr/projects/mpfi/"
| #define STDC_HEADERS 1
| #define HAVE_SYS_TYPES_H 1
| #define HAVE_SYS_STAT_H 1
| #define HAVE_STDLIB_H 1
| #define HAVE_STRING_H 1
| #define HAVE_MEMORY_H 1
| #define HAVE_STRINGS_H 1
| #define HAVE_INTTYPES_H 1
| #define HAVE_STDINT_H 1
| #define HAVE_UNISTD_H 1
| #define __EXTENSIONS__ 1
| #define _ALL_SOURCE 1
| #define _GNU_SOURCE 1
| #define _POSIX_PTHREAD_SEMANTICS 1
| #define _TANDEM_SOURCE 1
| #define PACKAGE "mpfi"
| #define VERSION "1.5.4"
| #define LT_OBJDIR ".libs/"
| #define HAVE_FLOAT_H 1
| #define HAVE_LIMITS_H 1
| #define HAVE_STDLIB_H 1
| #define HAVE_STRING_H 1
| #define HAVE_SYS_TIME_H 1
| #define HAVE_UNISTD_H 1
| #define HAVE_STDARG 1
| /* end confdefs.h.  */
| /* Define dup2 to an innocuous variant, in case <limits.h> declares dup2.
|    For example, HP-UX 11i <limits.h> declares gettimeofday.  */
| #define dup2 innocuous_dup2
| 
| /* System header to define __stub macros and hopefully few prototypes,
|     which can conflict with char dup2 (); below.
|     Prefer <limits.h> to <assert.h> if __STDC__ is defined, since
|     <limits.h> exists even on freestanding compilers.  */
| 
| #ifdef __STDC__
| # include <limits.h>
| #else
| # include <assert.h>
| #endif
| 
| #undef dup2
| 
| /* Override any GCC internal prototype to avoid an error.
|    Use char because int might match the return type of a GCC
|    builtin and then its argument prototype would still apply.  */
| #ifdef __cplusplus
| extern "C"
| #endif
| char dup2 ();
| /* The GNU C library defines this for functions which it implements
|     to always fail with ENOSYS.  Some functions are actually named
|     something starting with __ and the normal name is an alias.  */
| #if defined __stub_dup2 || defined __stub___dup2
| choke me
| #endif
| 
| int
| main ()
| {
| return dup2 ();
|   ;
|   return 0;
| }
configure:13392: result: no
configure:13392: checking for gettimeofday
configure:13392: arm-none-eabi-gcc -o conftest -Os -fdata-sections -ffunction-sections -DNDEBUG -mthumb -march=armv7e-m -mfloat-abi=hard -mcpu=cortex-m7 -mfpu=fpv5-sp-d16 -fno-strict-aliasing --specs=nosys.specs -I/mnt/c/msys64/home/lauri/Upsilon-External/apps/KhiCAS/src/mpfi-1.5.4/..//include -I/mnt/c/msys64/home/lauri/Upsilon-External/apps/KhiCAS/src/mpfi-1.5.4/..//include  -L/mnt/c/msys64/home/lauri/Upsilon-External/apps/KhiCAS/src/mpfi-1.5.4/..//lib -L/mnt/c/msys64/home/lauri/Upsilon-External/apps/KhiCAS/src/mpfi-1.5.4/..//lib  conftest.c -lmpfr -lgmp  >&5
configure:13392: $? = 0
configure:13392: result: yes
configure:13404: checking for mpfr_q_sub
configure:13404: arm-none-eabi-gcc -o conftest -Os -fdata-sections -ffunction-sections -DNDEBUG -mthumb -march=armv7e-m -mfloat-abi=hard -mcpu=cortex-m7 -mfpu=fpv5-sp-d16 -fno-strict-aliasing --specs=nosys.specs -I/mnt/c/msys64/home/lauri/Upsilon-External/apps/KhiCAS/src/mpfi-1.5.4/..//include -I/mnt/c/msys64/home/lauri/Upsilon-External/apps/KhiCAS/src/mpfi-1.5.4/..//include  -L/mnt/c/msys64/home/lauri/Upsilon-External/apps/KhiCAS/src/mpfi-1.5.4/..//lib -L/mnt/c/msys64/home/lauri/Upsilon-External/apps/KhiCAS/src/mpfi-1.5.4/..//lib  conftest.c -lmpfr -lgmp  >&5
/usr/lib/gcc/arm-none-eabi/10.3.1/../../../arm-none-eabi/bin/ld: /tmp/ccd32sgX.o: in function `main':
conftest.c:(.text.startup.main+0x2): undefined reference to `mpfr_q_sub'
collect2: error: ld returned 1 exit status
configure:13404: $? = 1
configure: failed program was:
| /* confdefs.h */
| #define PACKAGE_NAME "mpfi"
| #define PACKAGE_TARNAME "mpfi"
| #define PACKAGE_VERSION "1.5.4"
| #define PACKAGE_STRING "mpfi 1.5.4"
| #define PACKAGE_BUGREPORT "mpfi-users@lists.gforge.inria.fr"
| #define PACKAGE_URL "https://gforge.inria.fr/projects/mpfi/"
| #define STDC_HEADERS 1
| #define HAVE_SYS_TYPES_H 1
| #define HAVE_SYS_STAT_H 1
| #define HAVE_STDLIB_H 1
| #define HAVE_STRING_H 1
| #define HAVE_MEMORY_H 1
| #define HAVE_STRINGS_H 1
| #define HAVE_INTTYPES_H 1
| #define HAVE_STDINT_H 1
| #define HAVE_UNISTD_H 1
| #define __EXTENSIONS__ 1
| #define _ALL_SOURCE 1
| #define _GNU_SOURCE 1
| #define _POSIX_PTHREAD_SEMANTICS 1
| #define _TANDEM_SOURCE 1
| #define PACKAGE "mpfi"
| #define VERSION "1.5.4"
| #define LT_OBJDIR ".libs/"
| #define HAVE_FLOAT_H 1
| #define HAVE_LIMITS_H 1
| #define HAVE_STDLIB_H 1
| #define HAVE_STRING_H 1
| #define HAVE_SYS_TIME_H 1
| #define HAVE_UNISTD_H 1
| #define HAVE_STDARG 1
| #define HAVE_GETTIMEOFDAY 1
| /* end confdefs.h.  */
| /* Define mpfr_q_sub to an innocuous variant, in case <limits.h> declares mpfr_q_sub.
|    For example, HP-UX 11i <limits.h> declares gettimeofday.  */
| #define mpfr_q_sub innocuous_mpfr_q_sub
| 
| /* System header to define __stub macros and hopefully few prototypes,
|     which can conflict with char mpfr_q_sub (); below.
|     Prefer <limits.h> to <assert.h> if __STDC__ is defined, since
|     <limits.h> exists even on freestanding compilers.  */
| 
| #ifdef __STDC__
| # include <limits.h>
| #else
| # include <assert.h>
| #endif
| 
| #undef mpfr_q_sub
| 
| /* Override any GCC internal prototype to avoid an error.
|    Use char because int might match the return type of a GCC
|    builtin and then its argument prototype would still apply.  */
| #ifdef __cplusplus
| extern "C"
| #endif
| char mpfr_q_sub ();
| /* The GNU C library defines this for functions which it implements
|     to always fail with ENOSYS.  Some functions are actually named
|     something starting with __ and the normal name is an alias.  */
| #if defined __stub_mpfr_q_sub || defined __stub___mpfr_q_sub
| choke me
| #endif
| 
| int
| main ()
| {
| return mpfr_q_sub ();
|   ;
|   return 0;
| }
configure:13404: result: no
configure:13404: checking for mpfr_z_sub
configure:13404: arm-none-eabi-gcc -o conftest -Os -fdata-sections -ffunction-sections -DNDEBUG -mthumb -march=armv7e-m -mfloat-abi=hard -mcpu=cortex-m7 -mfpu=fpv5-sp-d16 -fno-strict-aliasing --specs=nosys.specs -I/mnt/c/msys64/home/lauri/Upsilon-External/apps/KhiCAS/src/mpfi-1.5.4/..//include -I/mnt/c/msys64/home/lauri/Upsilon-External/apps/KhiCAS/src/mpfi-1.5.4/..//include  -L/mnt/c/msys64/home/lauri/Upsilon-External/apps/KhiCAS/src/mpfi-1.5.4/..//lib -L/mnt/c/msys64/home/lauri/Upsilon-External/apps/KhiCAS/src/mpfi-1.5.4/..//lib  conftest.c -lmpfr -lgmp  >&5
configure:13404: $? = 0
configure:13404: result: yes
configure:13404: checking for mpfr_z_div
configure:13404: arm-none-eabi-gcc -o conftest -Os -fdata-sections -ffunction-sections -DNDEBUG -mthumb -march=armv7e-m -mfloat-abi=hard -mcpu=cortex-m7 -mfpu=fpv5-sp-d16 -fno-strict-aliasing --specs=nosys.specs -I/mnt/c/msys64/home/lauri/Upsilon-External/apps/KhiCAS/src/mpfi-1.5.4/..//include -I/mnt/c/msys64/home/lauri/Upsilon-External/apps/KhiCAS/src/mpfi-1.5.4/..//include  -L/mnt/c/msys64/home/lauri/Upsilon-External/apps/KhiCAS/src/mpfi-1.5.4/..//lib -L/mnt/c/msys64/home/lauri/Upsilon-External/apps/KhiCAS/src/mpfi-1.5.4/..//lib  conftest.c -lmpfr -lgmp  >&5
/usr/lib/gcc/arm-none-eabi/10.3.1/../../../arm-none-eabi/bin/ld: /tmp/cct8Ep1I.o: in function `main':
conftest.c:(.text.startup.main+0x2): undefined reference to `mpfr_z_div'
collect2: error: ld returned 1 exit status
configure:13404: $? = 1
configure: failed program was:
| /* confdefs.h */
| #define PACKAGE_NAME "mpfi"
| #define PACKAGE_TARNAME "mpfi"
| #define PACKAGE_VERSION "1.5.4"
| #define PACKAGE_STRING "mpfi 1.5.4"
| #define PACKAGE_BUGREPORT "mpfi-users@lists.gforge.inria.fr"
| #define PACKAGE_URL "https://gforge.inria.fr/projects/mpfi/"
| #define STDC_HEADERS 1
| #define HAVE_SYS_TYPES_H 1
| #define HAVE_SYS_STAT_H 1
| #define HAVE_STDLIB_H 1
| #define HAVE_STRING_H 1
| #define HAVE_MEMORY_H 1
| #define HAVE_STRINGS_H 1
| #define HAVE_INTTYPES_H 1
| #define HAVE_STDINT_H 1
| #define HAVE_UNISTD_H 1
| #define __EXTENSIONS__ 1
| #define _ALL_SOURCE 1
| #define _GNU_SOURCE 1
| #define _POSIX_PTHREAD_SEMANTICS 1
| #define _TANDEM_SOURCE 1
| #define PACKAGE "mpfi"
| #define VERSION "1.5.4"
| #define LT_OBJDIR ".libs/"
| #define HAVE_FLOAT_H 1
| #define HAVE_LIMITS_H 1
| #define HAVE_STDLIB_H 1
| #define HAVE_STRING_H 1
| #define HAVE_SYS_TIME_H 1
| #define HAVE_UNISTD_H 1
| #define HAVE_STDARG 1
| #define HAVE_GETTIMEOFDAY 1
| #define HAVE_MPFR_Z_SUB 1
| /* end confdefs.h.  */
| /* Define mpfr_z_div to an innocuous variant, in case <limits.h> declares mpfr_z_div.
|    For example, HP-UX 11i <limits.h> declares gettimeofday.  */
| #define mpfr_z_div innocuous_mpfr_z_div
| 
| /* System header to define __stub macros and hopefully few prototypes,
|     which can conflict with char mpfr_z_div (); below.
|     Prefer <limits.h> to <assert.h> if __STDC__ is defined, since
|     <limits.h> exists even on freestanding compilers.  */
| 
| #ifdef __STDC__
| # include <limits.h>
| #else
| # include <assert.h>
| #endif
| 
| #undef mpfr_z_div
| 
| /* Override any GCC internal prototype to avoid an error.
|    Use char because int might match the return type of a GCC
|    builtin and then its argument prototype would still apply.  */
| #ifdef __cplusplus
| extern "C"
| #endif
| char mpfr_z_div ();
| /* The GNU C library defines this for functions which it implements
|     to always fail with ENOSYS.  Some functions are actually named
|     something starting with __ and the normal name is an alias.  */
| #if defined __stub_mpfr_z_div || defined __stub___mpfr_z_div
| choke me
| #endif
| 
| int
| main ()
| {
| return mpfr_z_div ();
|   ;
|   return 0;
| }
configure:13404: result: no
configure:13524: checking that generated files are newer than configure
configure:13530: result: done
configure:13557: creating ./config.status

## ---------------------- ##
## Running config.status. ##
## ---------------------- ##

This file was extended by mpfi config.status 1.5.4, which was
generated by GNU Autoconf 2.69.  Invocation command line was

  CONFIG_FILES    = 
  CONFIG_HEADERS  = 
  CONFIG_LINKS    = 
  CONFIG_COMMANDS = 
  $ ./config.status 

on PC-Portable

config.status:1104: creating Makefile
config.status:1104: creating doc/Makefile
config.status:1104: creating src/Makefile
config.status:1104: creating tests/Makefile
config.status:1104: creating mpfi_config.h
config.status:1285: mpfi_config.h is unchanged
config.status:1333: executing depfiles commands
config.status:1410: cd src       && sed -e '/# am--include-marker/d' Makefile         | make -f - am--depfiles
make[1]: Entering directory '/mnt/c/msys64/home/lauri/Upsilon-External/apps/KhiCAS/src/mpfi-1.5.4/src'
make[1]: Nothing to be done for 'am--depfiles'.
make[1]: Leaving directory '/mnt/c/msys64/home/lauri/Upsilon-External/apps/KhiCAS/src/mpfi-1.5.4/src'
config.status:1415: $? = 0
config.status:1410: cd tests       && sed -e '/# am--include-marker/d' Makefile         | make -f - am--depfiles
make[1]: Entering directory '/mnt/c/msys64/home/lauri/Upsilon-External/apps/KhiCAS/src/mpfi-1.5.4/tests'
make[1]: Nothing to be done for 'am--depfiles'.
make[1]: Leaving directory '/mnt/c/msys64/home/lauri/Upsilon-External/apps/KhiCAS/src/mpfi-1.5.4/tests'
config.status:1415: $? = 0
config.status:1333: executing libtool commands

## ---------------- ##
## Cache variables. ##
## ---------------- ##

ac_cv_build=x86_64-pc-linux-gnu
ac_cv_c_compiler_gnu=yes
ac_cv_env_CC_set=
ac_cv_env_CC_value=
ac_cv_env_CFLAGS_set=set
ac_cv_env_CFLAGS_value='-Os -fdata-sections -ffunction-sections -DNDEBUG -mthumb -march=armv7e-m -mfloat-abi=hard -mcpu=cortex-m7 -mfpu=fpv5-sp-d16 -fno-strict-aliasing --specs=nosys.specs'
ac_cv_env_CPPFLAGS_set=
ac_cv_env_CPPFLAGS_value=
ac_cv_env_CPP_set=
ac_cv_env_CPP_value=
ac_cv_env_LDFLAGS_set=
ac_cv_env_LDFLAGS_value=
ac_cv_env_LIBS_set=
ac_cv_env_LIBS_value=
ac_cv_env_LT_SYS_LIBRARY_PATH_set=
ac_cv_env_LT_SYS_LIBRARY_PATH_value=
ac_cv_env_build_alias_set=
ac_cv_env_build_alias_value=
ac_cv_env_host_alias_set=set
ac_cv_env_host_alias_value=arm-none-eabi
ac_cv_env_target_alias_set=
ac_cv_env_target_alias_value=
ac_cv_func_dup2=no
ac_cv_func_gettimeofday=yes
ac_cv_func_mpfr_q_sub=no
ac_cv_func_mpfr_z_div=no
ac_cv_func_mpfr_z_sub=yes
ac_cv_header_dlfcn_h=no
ac_cv_header_float_h=yes
ac_cv_header_inttypes_h=yes
ac_cv_header_limits_h=yes
ac_cv_header_memory_h=yes
ac_cv_header_minix_config_h=no
ac_cv_header_stdarg_h=yes
ac_cv_header_stdc=yes
ac_cv_header_stdint_h=yes
ac_cv_header_stdlib_h=yes
ac_cv_header_string_h=yes
ac_cv_header_strings_h=yes
ac_cv_header_sys_stat_h=yes
ac_cv_header_sys_time_h=yes
ac_cv_header_sys_types_h=yes
ac_cv_header_unistd_h=yes
ac_cv_host=arm-none-eabi
ac_cv_lib_gmp___gmpz_init=yes
ac_cv_lib_mpfr_mpfr_init=yes
ac_cv_objext=o
ac_cv_path_EGREP='/usr/bin/grep -E'
ac_cv_path_FGREP='/usr/bin/grep -F'
ac_cv_path_GREP=/usr/bin/grep
ac_cv_path_SED=/usr/bin/sed
ac_cv_path_install='/usr/bin/install -c'
ac_cv_path_lt_DD=/usr/bin/dd
ac_cv_path_mkdir=/usr/bin/mkdir
ac_cv_prog_AR=arm-none-eabi-ar
ac_cv_prog_AWK=gawk
ac_cv_prog_CC=arm-none-eabi-gcc
ac_cv_prog_CPP='arm-none-eabi-gcc -E'
ac_cv_prog_OBJDUMP=arm-none-eabi-objdump
ac_cv_prog_RANLIB=arm-none-eabi-ranlib
ac_cv_prog_STRIP=arm-none-eabi-strip
ac_cv_prog_ac_ct_MANIFEST_TOOL=mt
ac_cv_prog_cc_c89=
ac_cv_prog_cc_g=yes
ac_cv_prog_make_make_set=yes
ac_cv_safe_to_define___extensions__=yes
ac_cv_type_size_t=yes
am_cv_CC_dependencies_compiler_type=gcc3
am_cv_ar_interface=ar
am_cv_make_support_nested_variables=yes
am_cv_prog_cc_c_o=yes
lt_cv_ar_at_file=@
lt_cv_archive_cmds_need_lc=yes
lt_cv_deplibs_check_method=unknown
lt_cv_file_magic_cmd='$MAGIC_CMD'
lt_cv_file_magic_test_file=
lt_cv_ld_reload_flag=-r
lt_cv_nm_interface='BSD nm'
lt_cv_objdir=.libs
lt_cv_path_LD=/usr/lib/arm-none-eabi/bin/ld
lt_cv_path_NM='/usr/bin/arm-none-eabi-nm -B'
lt_cv_path_mainfest_tool=no
lt_cv_prog_compiler_c_o=yes
lt_cv_prog_compiler_pic='-fPIC -DPIC'
lt_cv_prog_compiler_pic_works=yes
lt_cv_prog_compiler_rtti_exceptions=no
lt_cv_prog_compiler_static_works=yes
lt_cv_prog_gnu_ld=yes
lt_cv_sharedlib_from_linklib_cmd='printf %s\n'
lt_cv_sys_global_symbol_pipe='sed -n -e '\''s/^.*[	 ]\([ABCDGIRSTW][ABCDGIRSTW]*\)[	 ][	 ]*\([_A-Za-z][_A-Za-z0-9]*\)$/\1 \2 \2/p'\'' | sed '\''/ __gnu_lto/d'\'''
lt_cv_sys_global_symbol_to_c_name_address='sed -n -e '\''s/^: \(.*\) .*$/  {"\1", (void *) 0},/p'\'' -e '\''s/^[ABCDGIRSTW][ABCDGIRSTW]* .* \(.*\)$/  {"\1", (void *) \&\1},/p'\'''
lt_cv_sys_global_symbol_to_c_name_address_lib_prefix='sed -n -e '\''s/^: \(.*\) .*$/  {"\1", (void *) 0},/p'\'' -e '\''s/^[ABCDGIRSTW][ABCDGIRSTW]* .* \(lib.*\)$/  {"\1", (void *) \&\1},/p'\'' -e '\''s/^[ABCDGIRSTW][ABCDGIRSTW]* .* \(.*\)$/  {"lib\1", (void *) \&\1},/p'\'''
lt_cv_sys_global_symbol_to_cdecl='sed -n -e '\''s/^T .* \(.*\)$/extern int \1();/p'\'' -e '\''s/^[ABCDGIRSTW][ABCDGIRSTW]* .* \(.*\)$/extern char \1;/p'\'''
lt_cv_sys_global_symbol_to_import=
lt_cv_sys_max_cmd_len=1572864
lt_cv_to_host_file_cmd=func_convert_file_noop
lt_cv_to_tool_file_cmd=func_convert_file_noop
lt_cv_truncate_bin='/usr/bin/dd bs=4096 count=1'

## ----------------- ##
## Output variables. ##
## ----------------- ##

ACLOCAL='${SHELL} /mnt/c/msys64/home/lauri/Upsilon-External/apps/KhiCAS/src/mpfi-1.5.4/build-aux/missing aclocal-1.16'
AMDEPBACKSLASH='\'
AMDEP_FALSE='#'
AMDEP_TRUE=''
AMTAR='$${TAR-tar}'
AM_BACKSLASH='\'
AM_DEFAULT_V='$(AM_DEFAULT_VERBOSITY)'
AM_DEFAULT_VERBOSITY='1'
AM_V='$(V)'
AR='arm-none-eabi-ar'
AUTOCONF='${SHELL} /mnt/c/msys64/home/lauri/Upsilon-External/apps/KhiCAS/src/mpfi-1.5.4/build-aux/missing autoconf'
AUTOHEADER='${SHELL} /mnt/c/msys64/home/lauri/Upsilon-External/apps/KhiCAS/src/mpfi-1.5.4/build-aux/missing autoheader'
AUTOMAKE='${SHELL} /mnt/c/msys64/home/lauri/Upsilon-External/apps/KhiCAS/src/mpfi-1.5.4/build-aux/missing automake-1.16'
AWK='gawk'
CC='arm-none-eabi-gcc'
CCDEPMODE='depmode=gcc3'
CFLAGS='-Os -fdata-sections -ffunction-sections -DNDEBUG -mthumb -march=armv7e-m -mfloat-abi=hard -mcpu=cortex-m7 -mfpu=fpv5-sp-d16 -fno-strict-aliasing --specs=nosys.specs'
CPP='arm-none-eabi-gcc -E'
CPPFLAGS='-I/mnt/c/msys64/home/lauri/Upsilon-External/apps/KhiCAS/src/mpfi-1.5.4/..//include -I/mnt/c/msys64/home/lauri/Upsilon-External/apps/KhiCAS/src/mpfi-1.5.4/..//include '
CYGPATH_W='echo'
DEFS='-DHAVE_CONFIG_H'
DEPDIR='.deps'
DLLTOOL='false'
DSYMUTIL=''
DUMPBIN=''
ECHO_C=''
ECHO_N='-n'
ECHO_T=''
EGREP='/usr/bin/grep -E'
EXEEXT=''
FGREP='/usr/bin/grep -F'
GREP='/usr/bin/grep'
INSTALL_DATA='${INSTALL} -m 644'
INSTALL_PROGRAM='${INSTALL}'
INSTALL_SCRIPT='${INSTALL}'
INSTALL_STRIP_PROGRAM='$(install_sh) -c -s'
LD='/usr/lib/arm-none-eabi/bin/ld'
LDFLAGS='-L/mnt/c/msys64/home/lauri/Upsilon-External/apps/KhiCAS/src/mpfi-1.5.4/..//lib -L/mnt/c/msys64/home/lauri/Upsilon-External/apps/KhiCAS/src/mpfi-1.5.4/..//lib '
LIBOBJS=''
LIBS='-lmpfr -lgmp '
LIBTOOL='$(SHELL) $(top_builddir)/libtool'
LIPO=''
LN_S='ln -s'
LTLIBOBJS=''
LT_SYS_LIBRARY_PATH=''
MAINT='#'
MAINTAINER_MODE_FALSE=''
MAINTAINER_MODE_TRUE='#'
MAKEINFO='${SHELL} /mnt/c/msys64/home/lauri/Upsilon-External/apps/KhiCAS/src/mpfi-1.5.4/build-aux/missing makeinfo'
MANIFEST_TOOL=':'
MKDIR_P='/usr/bin/mkdir -p'
NM='/usr/bin/arm-none-eabi-nm -B'
NMEDIT=''
OBJDUMP='arm-none-eabi-objdump'
OBJEXT='o'
OTOOL64=''
OTOOL=''
PACKAGE='mpfi'
PACKAGE_BUGREPORT='mpfi-users@lists.gforge.inria.fr'
PACKAGE_NAME='mpfi'
PACKAGE_STRING='mpfi 1.5.4'
PACKAGE_TARNAME='mpfi'
PACKAGE_URL='https://gforge.inria.fr/projects/mpfi/'
PACKAGE_VERSION='1.5.4'
PATH_SEPARATOR=':'
RANLIB='arm-none-eabi-ranlib'
SED='/usr/bin/sed'
SET_MAKE=''
SHELL='/bin/bash'
STRIP='arm-none-eabi-strip'
VERSION='1.5.4'
ac_ct_AR=''
ac_ct_CC=''
ac_ct_DUMPBIN=''
am__EXEEXT_FALSE=''
am__EXEEXT_TRUE='#'
am__fastdepCC_FALSE='#'
am__fastdepCC_TRUE=''
am__include='include'
am__isrc=''
am__leading_dot='.'
am__nodep='_no'
am__quote=''
am__tar='$${TAR-tar} chof - "$$tardir"'
am__untar='$${TAR-tar} xf -'
bindir='${exec_prefix}/bin'
build='x86_64-pc-linux-gnu'
build_alias=''
build_cpu='x86_64'
build_os='linux-gnu'
build_vendor='pc'
datadir='${datarootdir}'
datarootdir='${prefix}/share'
docdir='${datarootdir}/doc/${PACKAGE_TARNAME}'
dvidir='${docdir}'
exec_prefix='${prefix}'
host='arm-none-eabi'
host_alias='arm-none-eabi'
host_cpu='arm'
host_os='eabi'
host_vendor='none'
htmldir='${docdir}'
includedir='${prefix}/include'
infodir='${datarootdir}/info'
install_sh='${SHELL} /mnt/c/msys64/home/lauri/Upsilon-External/apps/KhiCAS/src/mpfi-1.5.4/build-aux/install-sh'
libdir='${exec_prefix}/lib'
libexecdir='${exec_prefix}/libexec'
localedir='${datarootdir}/locale'
localstatedir='${prefix}/var'
mandir='${datarootdir}/man'
mkdir_p='$(MKDIR_P)'
oldincludedir='/usr/include'
pdfdir='${docdir}'
prefix='/usr/local'
program_transform_name='s,x,x,'
psdir='${docdir}'
runstatedir='${localstatedir}/run'
sbindir='${exec_prefix}/sbin'
sharedstatedir='${prefix}/com'
sysconfdir='${prefix}/etc'
target_alias=''

## ----------- ##
## confdefs.h. ##
## ----------- ##

/* confdefs.h */
#define PACKAGE_NAME "mpfi"
#define PACKAGE_TARNAME "mpfi"
#define PACKAGE_VERSION "1.5.4"
#define PACKAGE_STRING "mpfi 1.5.4"
#define PACKAGE_BUGREPORT "mpfi-users@lists.gforge.inria.fr"
#define PACKAGE_URL "https://gforge.inria.fr/projects/mpfi/"
#define STDC_HEADERS 1
#define HAVE_SYS_TYPES_H 1
#define HAVE_SYS_STAT_H 1
#define HAVE_STDLIB_H 1
#define HAVE_STRING_H 1
#define HAVE_MEMORY_H 1
#define HAVE_STRINGS_H 1
#define HAVE_INTTYPES_H 1
#define HAVE_STDINT_H 1
#define HAVE_UNISTD_H 1
#define __EXTENSIONS__ 1
#define _ALL_SOURCE 1
#define _GNU_SOURCE 1
#define _POSIX_PTHREAD_SEMANTICS 1
#define _TANDEM_SOURCE 1
#define PACKAGE "mpfi"
#define VERSION "1.5.4"
#define LT_OBJDIR ".libs/"
#define HAVE_FLOAT_H 1
#define HAVE_LIMITS_H 1
#define HAVE_STDLIB_H 1
#define HAVE_STRING_H 1
#define HAVE_SYS_TIME_H 1
#define HAVE_UNISTD_H 1
#define HAVE_STDARG 1
#define HAVE_GETTIMEOFDAY 1
#define HAVE_MPFR_Z_SUB 1

configure: exit 0
